Arguments: 
  /usr/local/Cellar/node/12.4.0/bin/node /usr/local/Cellar/yarn/1.16.0/libexec/bin/yarn.js test

PATH: 
  /bin:/bin:/Users/mgimenez-peterson/.rbenv/shims:/usr/local/bin:/usr/bin:/bin:/usr/sbin:/sbin:/opt/X11/bin:/Applications/VMware Fusion.app/Contents/Public:/usr/local/go/bin:/usr/local/opt/python/libexec/bin:/Users/mgimenez-peterson/go/bin:/usr/local/Cellar/node/12.4.0/bin:/Users/mgimenez-peterson/.rvm/bin

Yarn version: 
  1.16.0

Node version: 
  12.4.0

Platform: 
  darwin x64

Trace: 
  SyntaxError: /Users/mgimenez-peterson/Dev/incremental-tools/package.json: Unexpected string in JSON at position 2890
      at JSON.parse (<anonymous>)
      at /usr/local/Cellar/yarn/1.16.0/libexec/lib/cli.js:1625:59
      at Generator.next (<anonymous>)
      at step (/usr/local/Cellar/yarn/1.16.0/libexec/lib/cli.js:304:30)
      at /usr/local/Cellar/yarn/1.16.0/libexec/lib/cli.js:315:13

npm manifest: 
  {
    "name": "react-idle",
    "version": "0.0.1",
    "description": "React tools for building an incremental game",
    "source": "src/index.js",
    "main": "dist/react-idle.js",
    "jsnext:main": "dist/react-idle.module.js",
    "umd:main": "dist/react-idle.umd.js",
    "unpkg": "dist/react-idle.umd.js",
    "module": "dist/react-idle.module.js",
    "react-native": "dist/react-idle.rn.module.js",
    "types": "dist/react-idle.d.ts",
    "repository": {
      "type": "git",
      "url": "https://github.com/mikkergimenez/react-idle.git"
    },
    "scripts": {
      "prettier": "prettier --write \"**/*.js\" \"**/*.ts\"",
      "lint": "eslint .",
      "test": "jest && yarn test:ts",
      "test:ts": "tsc -p test/ts",
      "test:ci": "jest -i --coverage && yarn test:ts && yarn lint",
      "size": "size-limit",
      "build": "yarn bundle && yarn copytypes && yarn makern",
      "copytypes": "shx cp src/index.d.ts dist/react-idle.d.ts",
      "makern": "shx cp dist/react-idle.module.js dist/incremental-react.rn.module.js && yarn replace \"react-dom\" \"react-native\" dist/incremental-react.rn.module.js --silent",
      "bundle": "microbundle  --jsx React.createElement --external mobx,react,react-dom,react-idle-lite --globals react-dom=ReactDOM,react=React,incremental-react-lite=mobxReactLite --name mobxReact",
      "watch": "jest --watch"
    },
    "author": "Mikker Gimenez-Peterson",
    "license": "MIT",
    "bugs": {
      "url": "https://github.com/mikkergimenez/mobx/issues"
    },
    "homepage": "https://mikkergimenez.github.io/mobx",
    "resolutions": {
      "@types/yargs": "12.0.1"
    },
    "peerDependencies": {
      "mobx": "^4.0.0 || ^5.0.0",
      "react": "^16.8.0 || 16.9.0-alpha.0"
    },
    "devDependencies": {
      "@babel/core": "^7.1.0",
      "@babel/plugin-proposal-class-properties": "^7.1.0",
      "@babel/plugin-proposal-decorators": "^7.1.0",
      "@babel/plugin-transform-react-jsx": "^7.0.0",
      "@babel/preset-env": "^7.1.0",
      "@testing-library/jest-dom": "^4.0.0",
      "@testing-library/react": "^9.0.2",
      "@types/create-react-class": "^15.6.0",
      "@types/node": "^10.0.0",
      "@types/prop-types": "^15.5.2",
      "@types/react": "^16.0.13",
      "@types/react-dom": "^16.0.1",
      "babel-eslint": "^10.0.2",
      "babel-jest": "^24.1.0",
      "coveralls": "^3.0.3",
      "eslint": "^6.1.0",
      "eslint-config-prettier": "^6.0.0",
      "eslint-plugin-prettier": "^3.1.0",
      "eslint-plugin-react": "^7.14.3",
      "husky": "^1.0.0",
      "jest": "^24.0.0",
      "jest-environment-jsdom": "^24.0.0",
      "jest-mock-console": "^1.0.0",
      "lint-staged": "^7.0.5",
      "lodash": "^4.17.4",
      "microbundle": "^0.11.0",
      "mobx": "^5.0.0",
      "prettier": "^1.7.2",
      "prop-types": "^15.6.0",
      "react": "^16.9.0",
      "react-dom": "^16.9.0",
      "replace": "^1.1.0",
      "request": "^2.83.0",
      "shelljs": "^0.8.3",
      "shx": "^0.3.2",
      "size-limit": "^1.3.2",
      "typescript": "^2.6.0"
    }
    "files": [
      "dist"
    ],
    "keywords": [
      "mobx",
      "mobservable",
      "react-component",
      "react",
      "reactjs",
      "reactive"
    ],
    "lint-staged": {
      "*.{ts,js}": [
        "prettier --write",
        "eslint --fix",
        "git add"
      ]
    },
    "jest": {
      "setupFilesAfterEnv": [
        "@testing-library/jest-dom/extend-expect",
        "<rootDir>/jest.setup.js"
      ],
      "testURL": "http://127.0.0.1/"
    },
    "husky": {
      "hooks": {
        "pre-commit": "lint-staged"
      }
    }
  }

yarn manifest: 
  No manifest

Lockfile: 
  No lockfile
